# JRE version: OpenJDK Runtime Environment (11.0.12+7) (build 11.0.12+7-b1504.28-7817840)
# Java VM: OpenJDK 64-Bit Server VM (11.0.12+7-b1504.28-7817840, mixed mode, tiered, compressed oops, g1 gc, windows-amd64)
Heap:
 garbage-first heap   total 225280K, used 185073K [0x0000000080000000, 0x0000000100000000)
  region size 1024K, 94 young (96256K), 11 survivors (11264K)
 Metaspace       used 93823K, capacity 96132K, committed 96296K, reserved 1132544K
  class space    used 12134K, capacity 12958K, committed 13004K, reserved 1048576K
GC Heap History (20 events):
Event: 9.306 GC heap before
{Heap before GC invocations=10 (full 0):
 garbage-first heap   total 155648K, used 93551K [0x0000000080000000, 0x0000000100000000)
  region size 1024K, 71 young (72704K), 4 survivors (4096K)
 Metaspace       used 39760K, capacity 40814K, committed 40988K, reserved 1085440K
  class space    used 5091K, capacity 5467K, committed 5504K, reserved 1048576K
}
Event: 9.325 GC heap after
{Heap after GC invocations=11 (full 0):
 garbage-first heap   total 155648K, used 27794K [0x0000000080000000, 0x0000000100000000)
  region size 1024K, 9 young (9216K), 9 survivors (9216K)
 Metaspace       used 39760K, capacity 40814K, committed 40988K, reserved 1085440K
  class space    used 5091K, capacity 5467K, committed 5504K, reserved 1048576K
}
Event: 10.836 GC heap before
{Heap before GC invocations=11 (full 0):
 garbage-first heap   total 155648K, used 97426K [0x0000000080000000, 0x0000000100000000)
  region size 1024K, 77 young (78848K), 9 survivors (9216K)
 Metaspace       used 46047K, capacity 47210K, committed 47516K, reserved 1091584K
  class space    used 5923K, capacity 6332K, committed 6400K, reserved 1048576K
}
Event: 10.858 GC heap after
{Heap after GC invocations=12 (full 0):
 garbage-first heap   total 155648K, used 30418K [0x0000000080000000, 0x0000000100000000)
  region size 1024K, 8 young (8192K), 8 survivors (8192K)
 Metaspace       used 46047K, capacity 47210K, committed 47516K, reserved 1091584K
  class space    used 5923K, capacity 6332K, committed 6400K, reserved 1048576K
}
Event: 13.685 GC heap before
{Heap before GC invocations=12 (full 0):
 garbage-first heap   total 155648K, used 111314K [0x0000000080000000, 0x0000000100000000)
  region size 1024K, 83 young (84992K), 8 survivors (8192K)
 Metaspace       used 50713K, capacity 52030K, committed 52252K, reserved 1095680K
  class space    used 6464K, capacity 6943K, committed 7040K, reserved 1048576K
}
Event: 13.714 GC heap after
{Heap after GC invocations=13 (full 0):
 garbage-first heap   total 155648K, used 43829K [0x0000000080000000, 0x0000000100000000)
  region size 1024K, 11 young (11264K), 11 survivors (11264K)
 Metaspace       used 50713K, capacity 52030K, committed 52252K, reserved 1095680K
  class space    used 6464K, capacity 6943K, committed 7040K, reserved 1048576K
}
Event: 15.269 GC heap before
{Heap before GC invocations=13 (full 0):
 garbage-first heap   total 155648K, used 102197K [0x0000000080000000, 0x0000000100000000)
  region size 1024K, 69 young (70656K), 11 survivors (11264K)
 Metaspace       used 59230K, capacity 60617K, committed 60636K, reserved 1101824K
  class space    used 7535K, capacity 8052K, committed 8064K, reserved 1048576K
}
Event: 15.307 GC heap after
{Heap after GC invocations=14 (full 0):
 garbage-first heap   total 187392K, used 47542K [0x0000000080000000, 0x0000000100000000)
  region size 1024K, 4 young (4096K), 4 survivors (4096K)
 Metaspace       used 59230K, capacity 60617K, committed 60636K, reserved 1101824K
  class space    used 7535K, capacity 8052K, committed 8064K, reserved 1048576K
}
Event: 17.060 GC heap before
{Heap before GC invocations=15 (full 0):
 garbage-first heap   total 187392K, used 126390K [0x0000000080000000, 0x0000000100000000)
  region size 1024K, 81 young (82944K), 4 survivors (4096K)
 Metaspace       used 64666K, capacity 66292K, committed 66600K, reserved 1107968K
  class space    used 8234K, capacity 8822K, committed 8908K, reserved 1048576K
}
Event: 17.087 GC heap after
{Heap after GC invocations=16 (full 0):
 garbage-first heap   total 187392K, used 53091K [0x0000000080000000, 0x0000000100000000)
  region size 1024K, 9 young (9216K), 9 survivors (9216K)
 Metaspace       used 64666K, capacity 66292K, committed 66600K, reserved 1107968K
  class space    used 8234K, capacity 8822K, committed 8908K, reserved 1048576K
}
Event: 18.988 GC heap before
{Heap before GC invocations=17 (full 0):
 garbage-first heap   total 187392K, used 133987K [0x0000000080000000, 0x0000000100000000)
  region size 1024K, 88 young (90112K), 9 survivors (9216K)
 Metaspace       used 71834K, capacity 73530K, committed 73640K, reserved 1114112K
  class space    used 9362K, capacity 9996K, committed 10060K, reserved 1048576K
}
Event: 19.016 GC heap after
{Heap after GC invocations=18 (full 0):
 garbage-first heap   total 187392K, used 58462K [0x0000000080000000, 0x0000000100000000)
  region size 1024K, 6 young (6144K), 6 survivors (6144K)
 Metaspace       used 71834K, capacity 73530K, committed 73640K, reserved 1114112K
  class space    used 9362K, capacity 9996K, committed 10060K, reserved 1048576K
}
Event: 21.817 GC heap before
{Heap before GC invocations=18 (full 0):
 garbage-first heap   total 187392K, used 137310K [0x0000000080000000, 0x0000000100000000)
  region size 1024K, 83 young (84992K), 6 survivors (6144K)
 Metaspace       used 80115K, capacity 82147K, committed 82344K, reserved 1120256K
  class space    used 10551K, capacity 11279K, committed 11340K, reserved 1048576K
}
Event: 21.840 GC heap after
{Heap after GC invocations=19 (full 0):
 garbage-first heap   total 187392K, used 63708K [0x0000000080000000, 0x0000000100000000)
  region size 1024K, 11 young (11264K), 11 survivors (11264K)
 Metaspace       used 80115K, capacity 82147K, committed 82344K, reserved 1120256K
  class space    used 10551K, capacity 11279K, committed 11340K, reserved 1048576K
}
Event: 26.496 GC heap before
{Heap before GC invocations=19 (full 0):
 garbage-first heap   total 187392K, used 140508K [0x0000000080000000, 0x0000000100000000)
  region size 1024K, 87 young (89088K), 11 survivors (11264K)
 Metaspace       used 85947K, capacity 88013K, committed 88232K, reserved 1126400K
  class space    used 11261K, capacity 12041K, committed 12108K, reserved 1048576K
}
Event: 26.534 GC heap after
{Heap after GC invocations=20 (full 0):
 garbage-first heap   total 225280K, used 69192K [0x0000000080000000, 0x0000000100000000)
  region size 1024K, 11 young (11264K), 11 survivors (11264K)
 Metaspace       used 85947K, capacity 88013K, committed 88232K, reserved 1126400K
  class space    used 11261K, capacity 12041K, committed 12108K, reserved 1048576K
}
Event: 30.162 GC heap before
{Heap before GC invocations=20 (full 0):
 garbage-first heap   total 225280K, used 163400K [0x0000000080000000, 0x0000000100000000)
  region size 1024K, 103 young (105472K), 11 survivors (11264K)
 Metaspace       used 88029K, capacity 90123K, committed 90152K, reserved 1128448K
  class space    used 11422K, capacity 12213K, committed 12236K, reserved 1048576K
}
Event: 30.199 GC heap after
{Heap after GC invocations=21 (full 0):
 garbage-first heap   total 225280K, used 76092K [0x0000000080000000, 0x0000000100000000)
  region size 1024K, 13 young (13312K), 13 survivors (13312K)
 Metaspace       used 88029K, capacity 90123K, committed 90152K, reserved 1128448K
  class space    used 11422K, capacity 12213K, committed 12236K, reserved 1048576K
}
Event: 33.635 GC heap before
{Heap before GC invocations=21 (full 0):
 garbage-first heap   total 225280K, used 172348K [0x0000000080000000, 0x0000000100000000)
  region size 1024K, 107 young (109568K), 13 survivors (13312K)
 Metaspace       used 92705K, capacity 94918K, committed 95144K, reserved 1132544K
  class space    used 12005K, capacity 12795K, committed 12876K, reserved 1048576K
}
Event: 33.666 GC heap after
{Heap after GC invocations=22 (full 0):
 garbage-first heap   total 225280K, used 79601K [0x0000000080000000, 0x0000000100000000)
  region size 1024K, 11 young (11264K), 11 survivors (11264K)
 Metaspace       used 92705K, capacity 94918K, committed 95144K, reserved 1132544K
  class space    used 12005K, capacity 12795K, committed 12876K, reserved 1048576K
}

